<?xml version="1.0" encoding="UTF-8"?>
<!-- Generated by org.testng.reporters.JUnitReportReporter -->
<testsuite hostname="EC2AMAZ-S11DBRH" failures="0" tests="3" name="testScripts.PlaceOrderTest" time="0.206" errors="0" timestamp="2023-08-23T01:33:46 GMT" skipped="0">
  <testcase classname="testScripts.PlaceOrderTest" name="checkoutTest" time="0.001"/>
  <system-out/>
  <testcase classname="testScripts.PlaceOrderTest" name="searchItemTest" time="0.200"/>
  <system-out/>
  <testcase classname="testScripts.PlaceOrderTest" name="addToCardTest" time="0.005"/>
  <system-out/>
</testsuite> <!-- testScripts.PlaceOrderTest -->
